<?xml version="1.0" encoding="UTF-8"?>
<!-- Generated by org.testng.reporters.JUnitReportReporter -->
<testsuite hostname="DESKTOP-JQ3BBS6" failures="0" tests="2" name="javatestng.demo" time="0.016" errors="0" timestamp="15 Aug 2021 04:01:11 GMT">
  <testcase classname="javatestng.demo" name="aa1" time="0.002"/>
  <testcase classname="javatestng.demo" name="aa" time="0.014"/>
</testsuite> <!-- javatestng.demo -->
